2016/05/29 21:49:52 [error] [exception.CHttpException.403] exception 'CHttpException' with message 'You are not authorized to perform this action.' in C:\xampp\htdocs\web\framework\web\auth\CAccessControlFilter.php:182
Stack trace:
#0 C:\xampp\htdocs\web\framework\web\auth\CAccessControlFilter.php(145): CAccessControlFilter->accessDenied(Object(CWebUser), 'You are not aut...')
#1 C:\xampp\htdocs\web\framework\web\filters\CFilter.php(38): CAccessControlFilter->preFilter(Object(CFilterChain))
#2 C:\xampp\htdocs\web\framework\web\CController.php(1145): CFilter->filter(Object(CFilterChain))
#3 C:\xampp\htdocs\web\framework\web\filters\CInlineFilter.php(58): CController->filterAccessControl(Object(CFilterChain))
#4 C:\xampp\htdocs\web\framework\web\filters\CFilterChain.php(130): CInlineFilter->filter(Object(CFilterChain))
#5 C:\xampp\htdocs\web\framework\web\CController.php(291): CFilterChain->run()
#6 C:\xampp\htdocs\web\framework\web\CController.php(265): CController->runActionWithFilters(Object(CInlineAction), Array)
#7 C:\xampp\htdocs\web\framework\web\CWebApplication.php(282): CController->run('index')
#8 C:\xampp\htdocs\web\framework\web\CWebApplication.php(141): CWebApplication->runController('calendarioForm/...')
#9 C:\xampp\htdocs\web\framework\base\CApplication.php(185): CWebApplication->processRequest()
#10 C:\xampp\htdocs\web\index.php(13): CApplication->run()
#11 {main}
REQUEST_URI=/web/calendarioForm/index
---
2016/05/29 21:49:59 [error] [exception.CHttpException.403] exception 'CHttpException' with message 'You are not authorized to perform this action.' in C:\xampp\htdocs\web\framework\web\auth\CAccessControlFilter.php:182
Stack trace:
#0 C:\xampp\htdocs\web\framework\web\auth\CAccessControlFilter.php(145): CAccessControlFilter->accessDenied(Object(CWebUser), 'You are not aut...')
#1 C:\xampp\htdocs\web\framework\web\filters\CFilter.php(38): CAccessControlFilter->preFilter(Object(CFilterChain))
#2 C:\xampp\htdocs\web\framework\web\CController.php(1145): CFilter->filter(Object(CFilterChain))
#3 C:\xampp\htdocs\web\framework\web\filters\CInlineFilter.php(58): CController->filterAccessControl(Object(CFilterChain))
#4 C:\xampp\htdocs\web\framework\web\filters\CFilterChain.php(130): CInlineFilter->filter(Object(CFilterChain))
#5 C:\xampp\htdocs\web\framework\web\CController.php(291): CFilterChain->run()
#6 C:\xampp\htdocs\web\framework\web\CController.php(265): CController->runActionWithFilters(Object(CInlineAction), Array)
#7 C:\xampp\htdocs\web\framework\web\CWebApplication.php(282): CController->run('admin')
#8 C:\xampp\htdocs\web\framework\web\CWebApplication.php(141): CWebApplication->runController('calendarioForm/...')
#9 C:\xampp\htdocs\web\framework\base\CApplication.php(185): CWebApplication->processRequest()
#10 C:\xampp\htdocs\web\index.php(13): CApplication->run()
#11 {main}
REQUEST_URI=/web/calendarioForm/admin
---
2016/05/29 21:50:01 [error] [exception.CHttpException.403] exception 'CHttpException' with message 'You are not authorized to perform this action.' in C:\xampp\htdocs\web\framework\web\auth\CAccessControlFilter.php:182
Stack trace:
#0 C:\xampp\htdocs\web\framework\web\auth\CAccessControlFilter.php(145): CAccessControlFilter->accessDenied(Object(CWebUser), 'You are not aut...')
#1 C:\xampp\htdocs\web\framework\web\filters\CFilter.php(38): CAccessControlFilter->preFilter(Object(CFilterChain))
#2 C:\xampp\htdocs\web\framework\web\CController.php(1145): CFilter->filter(Object(CFilterChain))
#3 C:\xampp\htdocs\web\framework\web\filters\CInlineFilter.php(58): CController->filterAccessControl(Object(CFilterChain))
#4 C:\xampp\htdocs\web\framework\web\filters\CFilterChain.php(130): CInlineFilter->filter(Object(CFilterChain))
#5 C:\xampp\htdocs\web\framework\web\CController.php(291): CFilterChain->run()
#6 C:\xampp\htdocs\web\framework\web\CController.php(265): CController->runActionWithFilters(Object(CInlineAction), Array)
#7 C:\xampp\htdocs\web\framework\web\CWebApplication.php(282): CController->run('index')
#8 C:\xampp\htdocs\web\framework\web\CWebApplication.php(141): CWebApplication->runController('calendarioForm/...')
#9 C:\xampp\htdocs\web\framework\base\CApplication.php(185): CWebApplication->processRequest()
#10 C:\xampp\htdocs\web\index.php(13): CApplication->run()
#11 {main}
REQUEST_URI=/web/calendarioForm/index
---
